#
# There is insufficient memory for the Java Runtime Environment to continue.
# Native memory allocation (malloc) failed to allocate 2097152 bytes for AllocateHeap
# Possible reasons:
#   The system is out of physical RAM or swap space
#   The process is running with CompressedOops enabled, and the Java Heap may be blocking the growth of the native heap
# Possible solutions:
#   Reduce memory load on the system
#   Increase physical memory or swap space
#   Check if swap backing store is full
#   Decrease Java heap size (-Xmx/-Xms)
#   Decrease number of Java threads
#   Decrease Java thread stack sizes (-Xss)
#   Set larger code cache with -XX:ReservedCodeCacheSize=
#   JVM is running with Unscaled Compressed Oops mode in which the Java heap is
#     placed in the first 4GB address space. The Java Heap base address is the
#     maximum limit for the native heap growth. Please use -XX:HeapBaseMinAddress
#     to set the Java Heap base and to place the Java Heap above 4GB virtual address.
# This output file may be truncated or incomplete.
#
#  Out of Memory Error (allocation.cpp:44), pid=109092, tid=108620
#
# JRE version: OpenJDK Runtime Environment Temurin-17.0.10+7 (17.0.10+7) (build 17.0.10+7)
# Java VM: OpenJDK 64-Bit Server VM Temurin-17.0.10+7 (17.0.10+7, mixed mode, emulated-client, tiered, compressed oops, compressed class ptrs, g1 gc, windows-amd64)
# No core dump will be written. Minidumps are not enabled by default on client versions of Windows
#

---------------  S U M M A R Y ------------

Command Line: -XX:+HeapDumpOnOutOfMemoryError -Xmx1024m -Dsts.lsp.client=vscode -Dsts.log.file=/dev/null -XX:TieredStopAtLevel=1 -Xlog:jni+resolve=off -Dspring.config.location=file:c:\Users\Druglord\.vscode\extensions\vmware.vscode-spring-boot-1.53.0\language-server\BOOT-INF\classes\application.properties org.springframework.ide.vscode.boot.app.BootLanguageServerBootApp

Host: Intel(R) Core(TM) i5-6300U CPU @ 2.40GHz, 4 cores, 7G,  Windows 10 , 64 bit Build 19041 (10.0.19041.3393)
Time: Thu Apr 18 12:59:03 2024 Dateline Standard Time elapsed time: 932.864174 seconds (0d 0h 15m 32s)

---------------  T H R E A D  ---------------

Current thread (0x0000023bdfa7c8c0):  VMThread "VM Thread" [stack: 0x000000e601500000,0x000000e601600000] [id=108620]

Stack: [0x000000e601500000,0x000000e601600000]
Native frames: (J=compiled Java code, j=interpreted, Vv=VM code, C=native code)
V  [jvm.dll+0x67d2c9]
V  [jvm.dll+0x834afa]
V  [jvm.dll+0x8365be]
V  [jvm.dll+0x836c23]
V  [jvm.dll+0x2477ff]
V  [jvm.dll+0xa6c93]
V  [jvm.dll+0x2f86f1]
V  [jvm.dll+0x2f42e0]
V  [jvm.dll+0x2dc8c7]
V  [jvm.dll+0x31fb87]
V  [jvm.dll+0x83b11b]
V  [jvm.dll+0x83be61]
V  [jvm.dll+0x83c37d]
V  [jvm.dll+0x83c754]
V  [jvm.dll+0x83c820]
V  [jvm.dll+0x7e3fba]
V  [jvm.dll+0x67c1b5]
C  [ucrtbase.dll+0x21bb2]
C  [KERNEL32.DLL+0x17344]
C  [ntdll.dll+0x526b1]

VM_Operation (0x000000e6026ff0e0): G1CollectFull, mode: safepoint, requested by thread 0x0000023be50a7fc0


---------------  P R O C E S S  ---------------

Threads class SMR info:
_java_thread_list=0x0000023be5389330, length=23, elements={
0x0000023bdfa92740, 0x0000023bdfa934d0, 0x0000023bdfbd8490, 0x0000023bdfbda0d0,
0x0000023bdfbdedc0, 0x0000023bdfbdf690, 0x0000023bdfab6380, 0x0000023bdfab9810,
0x0000023bdfde0af0, 0x0000023bdfe052a0, 0x0000023be54b4030, 0x0000023be50a7fc0,
0x0000023be551e030, 0x0000023bd552bd50, 0x0000023be551f940, 0x0000023be4fca780,
0x0000023be4fcac60, 0x0000023be4fcb140, 0x0000023be4fad020, 0x0000023be4fad530,
0x0000023be4fada40, 0x0000023be4fb02c0, 0x0000023be4fae460
}

Java Threads: ( => current thread )
  0x0000023bdfa92740 JavaThread "Reference Handler" daemon [_thread_blocked, id=90464, stack(0x000000e601600000,0x000000e601700000)]
  0x0000023bdfa934d0 JavaThread "Finalizer" daemon [_thread_blocked, id=83792, stack(0x000000e601700000,0x000000e601800000)]
  0x0000023bdfbd8490 JavaThread "Signal Dispatcher" daemon [_thread_blocked, id=106864, stack(0x000000e601800000,0x000000e601900000)]
  0x0000023bdfbda0d0 JavaThread "Attach Listener" daemon [_thread_blocked, id=109156, stack(0x000000e601900000,0x000000e601a00000)]
  0x0000023bdfbdedc0 JavaThread "Service Thread" daemon [_thread_blocked, id=108220, stack(0x000000e601a00000,0x000000e601b00000)]
  0x0000023bdfbdf690 JavaThread "Monitor Deflation Thread" daemon [_thread_blocked, id=109564, stack(0x000000e601b00000,0x000000e601c00000)]
  0x0000023bdfab6380 JavaThread "C1 CompilerThread0" daemon [_thread_blocked, id=107144, stack(0x000000e601c00000,0x000000e601d00000)]
  0x0000023bdfab9810 JavaThread "Sweeper thread" daemon [_thread_blocked, id=98552, stack(0x000000e601d00000,0x000000e601e00000)]
  0x0000023bdfde0af0 JavaThread "Notification Thread" daemon [_thread_blocked, id=98468, stack(0x000000e601e00000,0x000000e601f00000)]
  0x0000023bdfe052a0 JavaThread "Common-Cleaner" daemon [_thread_blocked, id=96604, stack(0x000000e602000000,0x000000e602100000)]
  0x0000023be54b4030 JavaThread "boundedElastic-evictor-1" daemon [_thread_blocked, id=110552, stack(0x000000e602500000,0x000000e602600000)]
  0x0000023be50a7fc0 JavaThread "pool-13-thread-1" [_thread_blocked, id=109000, stack(0x000000e602600000,0x000000e602700000)]
  0x0000023be551e030 JavaThread "LanguageServerApp-lifecycle" [_thread_blocked, id=104576, stack(0x000000e602700000,0x000000e602800000)]
  0x0000023bd552bd50 JavaThread "DestroyJavaVM" [_thread_blocked, id=109076, stack(0x000000e600f00000,0x000000e601000000)]
  0x0000023be551f940 JavaThread "pool-14-thread-1" [_thread_in_native, id=100904, stack(0x000000e602800000,0x000000e602900000)]
  0x0000023be4fca780 JavaThread "Simple-Language-Server main thread" daemon [_thread_blocked, id=109988, stack(0x000000e602900000,0x000000e602a00000)]
  0x0000023be4fcac60 JavaThread "pool-8-thread-1" [_thread_blocked, id=109916, stack(0x000000e602400000,0x000000e602500000)]
  0x0000023be4fcb140 JavaThread "parallel-1" daemon [_thread_blocked, id=109996, stack(0x000000e602a00000,0x000000e602b00000)]
  0x0000023be4fad020 JavaThread "Reconciler-1" daemon [_thread_blocked, id=83124, stack(0x000000e602b00000,0x000000e602c00000)]
  0x0000023be4fad530 JavaThread "parallel-2" daemon [_thread_blocked, id=107816, stack(0x000000e602c00000,0x000000e602d00000)]
  0x0000023be4fada40 JavaThread "parallel-3" daemon [_thread_blocked, id=109600, stack(0x000000e602d00000,0x000000e602e00000)]
  0x0000023be4fb02c0 JavaThread "parallel-4" daemon [_thread_blocked, id=110228, stack(0x000000e602e00000,0x000000e602f00000)]
  0x0000023be4fae460 JavaThread "pool-6-thread-1" [_thread_blocked, id=110224, stack(0x000000e603000000,0x000000e603100000)]

Other Threads:
=>0x0000023bdfa7c8c0 VMThread "VM Thread" [stack: 0x000000e601500000,0x000000e601600000] [id=108620]
  0x0000023bdfe00fe0 WatcherThread [stack: 0x000000e601f00000,0x000000e602000000] [id=97040]
  0x0000023bd556a460 GCTaskThread "GC Thread#0" [stack: 0x000000e601000000,0x000000e601100000] [id=11456]
  0x0000023bdfd184d0 GCTaskThread "GC Thread#1" [stack: 0x000000e602100000,0x000000e602200000] [id=109032]
  0x0000023bdfca1a10 GCTaskThread "GC Thread#2" [stack: 0x000000e602200000,0x000000e602300000] [id=109216]
  0x0000023be4a2da90 GCTaskThread "GC Thread#3" [stack: 0x000000e602300000,0x000000e602400000] [id=109488]
  0x0000023bd55732c0 ConcurrentGCThread "G1 Main Marker" [stack: 0x000000e601100000,0x000000e601200000] [id=106048]
  0x0000023bd5573bf0 ConcurrentGCThread "G1 Conc#0" [stack: 0x000000e601200000,0x000000e601300000] [id=107644]
  0x0000023bdf8f20b0 ConcurrentGCThread "G1 Refine#0" [stack: 0x000000e601300000,0x000000e601400000] [id=100740]
  0x0000023bdf8f29f0 ConcurrentGCThread "G1 Service" [stack: 0x000000e601400000,0x000000e601500000] [id=109056]

Threads with active compile tasks:

VM state: at safepoint (normal execution)

VM Mutex/Monitor currently owned by a thread:  ([mutex/lock_event])
[0x0000023bd3393790] Threads_lock - owner thread: 0x0000023bdfa7c8c0
[0x0000023bd338f430] Heap_lock - owner thread: 0x0000023be50a7fc0

Heap address: 0x00000000c0000000, size: 1024 MB, Compressed Oops mode: 32-bit

CDS archive(s) not mapped
Compressed class space mapped at: 0x0000000100000000-0x0000000140000000, reserved size: 1073741824
Narrow klass base: 0x0000000000000000, Narrow klass shift: 3, Narrow klass range: 0x140000000

GC Precious Log:
 CPUs: 4 total, 4 available
 Memory: 7591M
 Large Page Support: Disabled
 NUMA Support: Disabled
 Compressed Oops: Enabled (32-bit)
 Heap Region Size: 1M
 Heap Min Capacity: 8M
 Heap Initial Capacity: 120M
 Heap Max Capacity: 1G
 Pre-touch: Disabled
 Parallel Workers: 4
 Concurrent Workers: 1
 Concurrent Refinement Workers: 4
 Periodic GC: Disabled

Heap:
 garbage-first heap   total 75776K, used 24416K [0x00000000c0000000, 0x0000000100000000)
  region size 1024K, 1 young (1024K), 0 survivors (0K)
 Metaspace       used 38805K, committed 39424K, reserved 1114112K
  class space    used 5119K, committed 5376K, reserved 1048576K

Heap Regions: E=young(eden), S=young(survivor), O=old, HS=humongous(starts), HC=humongous(continues), CS=collection set, F=free, OA=open archive, CA=closed archive, TAMS=top-at-mark-start (previous, next)
|   0|0x00000000c0000000, 0x00000000c0100000, 0x00000000c0100000|100%|HS|  |TAMS 0x00000000c0100000, 0x00000000c0000000| Untracked 
|   1|0x00000000c0100000, 0x00000000c0200000, 0x00000000c0200000|100%|HC|  |TAMS 0x00000000c0200000, 0x00000000c0100000| Untracked 
|   2|0x00000000c0200000, 0x00000000c0300000, 0x00000000c0300000|100%|HC|  |TAMS 0x00000000c0300000, 0x00000000c0200000| Untracked 
|   3|0x00000000c0300000, 0x00000000c0400000, 0x00000000c0400000|100%|HC|  |TAMS 0x00000000c0400000, 0x00000000c0300000| Untracked 
|   4|0x00000000c0400000, 0x00000000c0500000, 0x00000000c0500000|100%| O|  |TAMS 0x00000000c0500000, 0x00000000c0400000| Untracked 
|   5|0x00000000c0500000, 0x00000000c0600000, 0x00000000c0600000|100%| O|  |TAMS 0x00000000c0600000, 0x00000000c0500000| Untracked 
|   6|0x00000000c0600000, 0x00000000c06fffe0, 0x00000000c0700000| 99%| O|  |TAMS 0x00000000c06fffe0, 0x00000000c0600000| Untracked 
|   7|0x00000000c0700000, 0x00000000c0800000, 0x00000000c0800000|100%| O|  |TAMS 0x00000000c0800000, 0x00000000c0700000| Untracked 
|   8|0x00000000c0800000, 0x00000000c0900000, 0x00000000c0900000|100%| O|  |TAMS 0x00000000c0900000, 0x00000000c0800000| Untracked 
|   9|0x00000000c0900000, 0x00000000c0a00000, 0x00000000c0a00000|100%| O|  |TAMS 0x00000000c0a00000, 0x00000000c0900000| Untracked 
|  10|0x00000000c0a00000, 0x00000000c0b00000, 0x00000000c0b00000|100%|HS|  |TAMS 0x00000000c0b00000, 0x00000000c0a00000| Untracked 
|  11|0x00000000c0b00000, 0x00000000c0c00000, 0x00000000c0c00000|100%|HC|  |TAMS 0x00000000c0c00000, 0x00000000c0b00000| Untracked 
|  12|0x00000000c0c00000, 0x00000000c0d00000, 0x00000000c0d00000|100%| O|  |TAMS 0x00000000c0d00000, 0x00000000c0c00000| Untracked 
|  13|0x00000000c0d00000, 0x00000000c0dfffe8, 0x00000000c0e00000| 99%| O|  |TAMS 0x00000000c0dfffe8, 0x00000000c0d00000| Untracked 
|  14|0x00000000c0e00000, 0x00000000c0effff8, 0x00000000c0f00000| 99%| O|  |TAMS 0x00000000c0effff8, 0x00000000c0e00000| Untracked 
|  15|0x00000000c0f00000, 0x00000000c1000000, 0x00000000c1000000|100%| O|  |TAMS 0x00000000c1000000, 0x00000000c0f00000| Untracked 
|  16|0x00000000c1000000, 0x00000000c10ffed0, 0x00000000c1100000| 99%| O|  |TAMS 0x00000000c10ffed0, 0x00000000c1000000| Untracked 
|  17|0x00000000c1100000, 0x00000000c11ffff8, 0x00000000c1200000| 99%| O|  |TAMS 0x00000000c11ffff8, 0x00000000c1100000| Untracked 
|  18|0x00000000c1200000, 0x00000000c1300000, 0x00000000c1300000|100%| O|  |TAMS 0x00000000c1300000, 0x00000000c1200000| Untracked 
|  19|0x00000000c1300000, 0x00000000c13ffff8, 0x00000000c1400000| 99%| O|  |TAMS 0x00000000c13ffff8, 0x00000000c1300000| Untracked 
|  20|0x00000000c1400000, 0x00000000c14fffe8, 0x00000000c1500000| 99%| O|  |TAMS 0x00000000c14fffe8, 0x00000000c1400000| Untracked 
|  21|0x00000000c1500000, 0x00000000c1600000, 0x00000000c1600000|100%| O|  |TAMS 0x00000000c1600000, 0x00000000c1500000| Untracked 
|  22|0x00000000c1600000, 0x00000000c16fffe8, 0x00000000c1700000| 99%| O|  |TAMS 0x00000000c16fffe8, 0x00000000c1600000| Untracked 
|  23|0x00000000c1700000, 0x00000000c17be128, 0x00000000c1800000| 74%| O|  |TAMS 0x00000000c1700000, 0x00000000c1700000| Untracked 
|  24|0x00000000c1800000, 0x00000000c181a3b0, 0x00000000c1900000| 10%| O|  |TAMS 0x00000000c1800000, 0x00000000c1800000| Untracked 
|  25|0x00000000c1900000, 0x00000000c1900000, 0x00000000c1a00000|  0%| F|  |TAMS 0x00000000c1900000, 0x00000000c1900000| Untracked 
|  26|0x00000000c1a00000, 0x00000000c1a00000, 0x00000000c1b00000|  0%| F|  |TAMS 0x00000000c1a00000, 0x00000000c1a00000| Untracked 
|  27|0x00000000c1b00000, 0x00000000c1b00000, 0x00000000c1c00000|  0%| F|  |TAMS 0x00000000c1b00000, 0x00000000c1b00000| Untracked 
|  28|0x00000000c1c00000, 0x00000000c1c00000, 0x00000000c1d00000|  0%| F|  |TAMS 0x00000000c1c00000, 0x00000000c1c00000| Untracked 
|  29|0x00000000c1d00000, 0x00000000c1d00000, 0x00000000c1e00000|  0%| F|  |TAMS 0x00000000c1d00000, 0x00000000c1d00000| Untracked 
|  30|0x00000000c1e00000, 0x00000000c1e00000, 0x00000000c1f00000|  0%| F|  |TAMS 0x00000000c1e00000, 0x00000000c1e00000| Untracked 
|  31|0x00000000c1f00000, 0x00000000c1f00000, 0x00000000c2000000|  0%| F|  |TAMS 0x00000000c1f00000, 0x00000000c1f00000| Untracked 
|  32|0x00000000c2000000, 0x00000000c2000000, 0x00000000c2100000|  0%| F|  |TAMS 0x00000000c2000000, 0x00000000c2000000| Untracked 
|  33|0x00000000c2100000, 0x00000000c2100000, 0x00000000c2200000|  0%| F|  |TAMS 0x00000000c2100000, 0x00000000c2100000| Untracked 
|  34|0x00000000c2200000, 0x00000000c2200000, 0x00000000c2300000|  0%| F|  |TAMS 0x00000000c2200000, 0x00000000c2200000| Untracked 
|  35|0x00000000c2300000, 0x00000000c2300000, 0x00000000c2400000|  0%| F|  |TAMS 0x00000000c2300000, 0x00000000c2300000| Untracked 
|  36|0x00000000c2400000, 0x00000000c2400000, 0x00000000c2500000|  0%| F|  |TAMS 0x00000000c2400000, 0x00000000c2400000| Untracked 
|  37|0x00000000c2500000, 0x00000000c2500000, 0x00000000c2600000|  0%| F|  |TAMS 0x00000000c2500000, 0x00000000c2500000| Untracked 
|  38|0x00000000c2600000, 0x00000000c2600000, 0x00000000c2700000|  0%| F|  |TAMS 0x00000000c2600000, 0x00000000c2600000| Untracked 
|  39|0x00000000c2700000, 0x00000000c2700000, 0x00000000c2800000|  0%| F|  |TAMS 0x00000000c2700000, 0x00000000c2700000| Untracked 
|  40|0x00000000c2800000, 0x00000000c2800000, 0x00000000c2900000|  0%| F|  |TAMS 0x00000000c2800000, 0x00000000c2800000| Untracked 
|  41|0x00000000c2900000, 0x00000000c2900000, 0x00000000c2a00000|  0%| F|  |TAMS 0x00000000c2900000, 0x00000000c2900000| Untracked 
|  42|0x00000000c2a00000, 0x00000000c2a00000, 0x00000000c2b00000|  0%| F|  |TAMS 0x00000000c2a00000, 0x00000000c2a00000| Untracked 
|  43|0x00000000c2b00000, 0x00000000c2b00000, 0x00000000c2c00000|  0%| F|  |TAMS 0x00000000c2b00000, 0x00000000c2b00000| Untracked 
|  44|0x00000000c2c00000, 0x00000000c2c00000, 0x00000000c2d00000|  0%| F|  |TAMS 0x00000000c2c00000, 0x00000000c2c00000| Untracked 
|  45|0x00000000c2d00000, 0x00000000c2d00000, 0x00000000c2e00000|  0%| F|  |TAMS 0x00000000c2d00000, 0x00000000c2d00000| Untracked 
|  46|0x00000000c2e00000, 0x00000000c2e00000, 0x00000000c2f00000|  0%| F|  |TAMS 0x00000000c2e00000, 0x00000000c2e00000| Untracked 
|  47|0x00000000c2f00000, 0x00000000c2f00000, 0x00000000c3000000|  0%| F|  |TAMS 0x00000000c2f00000, 0x00000000c2f00000| Untracked 
|  48|0x00000000c3000000, 0x00000000c3000000, 0x00000000c3100000|  0%| F|  |TAMS 0x00000000c3000000, 0x00000000c3000000| Untracked 
|  49|0x00000000c3100000, 0x00000000c3100000, 0x00000000c3200000|  0%| F|  |TAMS 0x00000000c3100000, 0x00000000c3100000| Untracked 
|  50|0x00000000c3200000, 0x00000000c3200000, 0x00000000c3300000|  0%| F|  |TAMS 0x00000000c3200000, 0x00000000c3200000| Untracked 
|  51|0x00000000c3300000, 0x00000000c3300000, 0x00000000c3400000|  0%| F|  |TAMS 0x00000000c3300000, 0x00000000c3300000| Untracked 
|  52|0x00000000c3400000, 0x00000000c3400000, 0x00000000c3500000|  0%| F|  |TAMS 0x00000000c3400000, 0x00000000c3400000| Untracked 
|  53|0x00000000c3500000, 0x00000000c3500000, 0x00000000c3600000|  0%| F|  |TAMS 0x00000000c3500000, 0x00000000c3500000| Untracked 
|  54|0x00000000c3600000, 0x00000000c3600000, 0x00000000c3700000|  0%| F|  |TAMS 0x00000000c3600000, 0x00000000c3600000| Untracked 
|  55|0x00000000c3700000, 0x00000000c3700000, 0x00000000c3800000|  0%| F|  |TAMS 0x00000000c3700000, 0x00000000c3700000| Untracked 
|  56|0x00000000c3800000, 0x00000000c3800000, 0x00000000c3900000|  0%| F|  |TAMS 0x00000000c3800000, 0x00000000c3800000| Untracked 
|  57|0x00000000c3900000, 0x00000000c3900000, 0x00000000c3a00000|  0%| F|  |TAMS 0x00000000c3900000, 0x00000000c3900000| Untracked 
|  58|0x00000000c3a00000, 0x00000000c3a00000, 0x00000000c3b00000|  0%| F|  |TAMS 0x00000000c3a00000, 0x00000000c3a00000| Untracked 
|  59|0x00000000c3b00000, 0x00000000c3b00000, 0x00000000c3c00000|  0%| F|  |TAMS 0x00000000c3b00000, 0x00000000c3b00000| Untracked 
|  60|0x00000000c3c00000, 0x00000000c3c00000, 0x00000000c3d00000|  0%| F|  |TAMS 0x00000000c3c00000, 0x00000000c3c00000| Untracked 
|  61|0x00000000c3d00000, 0x00000000c3d00000, 0x00000000c3e00000|  0%| F|  |TAMS 0x00000000c3d00000, 0x00000000c3d00000| Untracked 
|  62|0x00000000c3e00000, 0x00000000c3e00000, 0x00000000c3f00000|  0%| F|  |TAMS 0x00000000c3e00000, 0x00000000c3e00000| Untracked 
|  63|0x00000000c3f00000, 0x00000000c3f00000, 0x00000000c4000000|  0%| F|  |TAMS 0x00000000c3f00000, 0x00000000c3f00000| Untracked 
|  64|0x00000000c4000000, 0x00000000c4000000, 0x00000000c4100000|  0%| F|  |TAMS 0x00000000c4000000, 0x00000000c4000000| Untracked 
|  65|0x00000000c4100000, 0x00000000c4100000, 0x00000000c4200000|  0%| F|  |TAMS 0x00000000c4100000, 0x00000000c4100000| Untracked 
|  72|0x00000000c4800000, 0x00000000c4800000, 0x00000000c4900000|  0%| F|  |TAMS 0x00000000c4800000, 0x00000000c4800000| Untracked 
|  73|0x00000000c4900000, 0x00000000c4900000, 0x00000000c4a00000|  0%| F|  |TAMS 0x00000000c4900000, 0x00000000c4900000| Untracked 
|  74|0x00000000c4a00000, 0x00000000c4a00000, 0x00000000c4b00000|  0%| F|  |TAMS 0x00000000c4a00000, 0x00000000c4a00000| Untracked 
|  75|0x00000000c4b00000, 0x00000000c4b00000, 0x00000000c4c00000|  0%| F|  |TAMS 0x00000000c4b00000, 0x00000000c4b00000| Untracked 
|  76|0x00000000c4c00000, 0x00000000c4c00000, 0x00000000c4d00000|  0%| F|  |TAMS 0x00000000c4c00000, 0x00000000c4c00000| Untracked 
|  77|0x00000000c4d00000, 0x00000000c4d00000, 0x00000000c4e00000|  0%| F|  |TAMS 0x00000000c4d00000, 0x00000000c4d00000| Untracked 
|  78|0x00000000c4e00000, 0x00000000c4e00000, 0x00000000c4f00000|  0%| F|  |TAMS 0x00000000c4e00000, 0x00000000c4e00000| Untracked 
| 119|0x00000000c7700000, 0x00000000c772e178, 0x00000000c7800000| 18%| E|  |TAMS 0x00000000c7700000, 0x00000000c7700000| Complete 

Card table byte_map: [0x0000023bdb1a0000,0x0000023bdb3a0000] _byte_map_base: 0x0000023bdaba0000

Marking Bits (Prev, Next): (CMBitMap*) 0x0000023bd556a990, (CMBitMap*) 0x0000023bd556a9d0
 Prev Bits: [0x0000023bdb5a0000, 0x0000023bdc5a0000)
 Next Bits: [0x0000023bdc5a0000, 0x0000023bdd5a0000)

Polling page: 0x0000023bd3440000

Metaspace:

Usage:
  Non-class:     32.90 MB used.
      Class:      5.00 MB used.
       Both:     37.90 MB used.

Virtual space:
  Non-class space:       64.00 MB reserved,      33.25 MB ( 52%) committed,  1 nodes.
      Class space:        1.00 GB reserved,       5.25 MB ( <1%) committed,  1 nodes.
             Both:        1.06 GB reserved,      38.50 MB (  4%) committed. 

Chunk freelists:
   Non-Class:  14.90 MB
       Class:  10.80 MB
        Both:  25.69 MB

MaxMetaspaceSize: unlimited
CompressedClassSpaceSize: 1.00 GB
Initial GC threshold: 21.00 MB
Current GC threshold: 64.19 MB
CDS: off
MetaspaceReclaimPolicy: balanced
 - commit_granule_bytes: 65536.
 - commit_granule_words: 8192.
 - virtual_space_node_default_size: 8388608.
 - enlarge_chunks_in_place: 1.
 - new_chunks_are_fully_committed: 0.
 - uncommit_free_chunks: 1.
 - use_allocation_guard: 0.
 - handle_deallocations: 1.


Internal statistics:

num_allocs_failed_limit: 6.
num_arena_births: 502.
num_arena_deaths: 152.
num_vsnodes_births: 2.
num_vsnodes_deaths: 0.
num_space_committed: 616.
num_space_uncommitted: 0.
num_chunks_returned_to_freelist: 175.
num_chunks_taken_from_freelist: 1652.
num_chunk_merges: 55.
num_chunk_splits: 1154.
num_chunks_enlarged: 869.
num_inconsistent_stats: 0.

CodeCache: size=49152Kb used=6756Kb max_used=7144Kb free=42395Kb
 bounds [0x0000023bd81a0000, 0x0000023bd88a0000, 0x0000023bdb1a0000]
 total_blobs=4193 nmethods=3650 adapters=470
 compilation: enabled
              stopped_count=0, restarted_count=0
 full_count=0

Compilation events (20 events):
Event: 598.074 Thread 0x0000023bdfab6380 3639       1       java.util.concurrent.ThreadPoolExecutor::getQueue (5 bytes)
Event: 598.074 Thread 0x0000023bdfab6380 nmethod 3639 0x0000023bd8706710 code [0x0000023bd87068a0, 0x0000023bd8706978]
Event: 615.443 Thread 0x0000023bdfab6380 3640       1       java.util.concurrent.locks.LockSupport::setBlocker (12 bytes)
Event: 615.443 Thread 0x0000023bdfab6380 nmethod 3640 0x0000023bd8706410 code [0x0000023bd87065a0, 0x0000023bd8706698]
Event: 652.747 Thread 0x0000023bdfab6380 3641       1       java.util.concurrent.ScheduledThreadPoolExecutor$ScheduledFutureTask::getDelay (16 bytes)
Event: 652.748 Thread 0x0000023bdfab6380 nmethod 3641 0x0000023bd8706090 code [0x0000023bd8706220, 0x0000023bd8706348]
Event: 652.748 Thread 0x0000023bdfab6380 3642       1       java.util.concurrent.TimeUnit::convert (77 bytes)
Event: 652.749 Thread 0x0000023bdfab6380 nmethod 3642 0x0000023bd8705a90 code [0x0000023bd8705c80, 0x0000023bd8705f08]
Event: 721.147 Thread 0x0000023bdfab6380 3644       1       java.io.OutputStream::flush (1 bytes)
Event: 721.172 Thread 0x0000023bdfab6380 nmethod 3644 0x0000023bd8705390 code [0x0000023bd8705520, 0x0000023bd87055d8]
Event: 775.871 Thread 0x0000023bdfab6380 3645       1       java.lang.invoke.LambdaForm$MH/0x000000010008c400::invoke (27 bytes)
Event: 775.872 Thread 0x0000023bdfab6380 nmethod 3645 0x0000023bd8704f90 code [0x0000023bd8705140, 0x0000023bd8705298]
Event: 775.872 Thread 0x0000023bdfab6380 3646       1       java.lang.StringConcatHelper::newArrayWithSuffix (40 bytes)
Event: 775.874 Thread 0x0000023bdfab6380 nmethod 3646 0x0000023bd8704990 code [0x0000023bd8704b60, 0x0000023bd8704dd8]
Event: 916.931 Thread 0x0000023bdfab6380 3648       1       java.io.FileDescriptor$1::setHandle (6 bytes)
Event: 916.939 Thread 0x0000023bdfab6380 nmethod 3648 0x0000023bd8704210 code [0x0000023bd87043a0, 0x0000023bd87044e8]
Event: 916.939 Thread 0x0000023bdfab6380 3649       1       java.io.FileDescriptor::setHandle (33 bytes)
Event: 916.940 Thread 0x0000023bdfab6380 nmethod 3649 0x0000023bd8703e90 code [0x0000023bd8704020, 0x0000023bd8704168]
Event: 916.940 Thread 0x0000023bdfab6380 3650       1       java.io.FileDescriptor$1::registerCleanup (5 bytes)
Event: 916.940 Thread 0x0000023bdfab6380 nmethod 3650 0x0000023bd8703b90 code [0x0000023bd8703d20, 0x0000023bd8703e08]

GC Heap History (20 events):
Event: 788.471 GC heap before
{Heap before GC invocations=72 (full 62):
 garbage-first heap   total 75776K, used 24416K [0x00000000c0000000, 0x0000000100000000)
  region size 1024K, 1 young (1024K), 0 survivors (0K)
 Metaspace       used 38805K, committed 39424K, reserved 1114112K
  class space    used 5119K, committed 5376K, reserved 1048576K
}
Event: 788.499 GC heap after
{Heap after GC invocations=73 (full 63):
 garbage-first heap   total 75776K, used 24416K [0x00000000c0000000, 0x0000000100000000)
  region size 1024K, 0 young (0K), 0 survivors (0K)
 Metaspace       used 38805K, committed 39424K, reserved 1114112K
  class space    used 5119K, committed 5376K, reserved 1048576K
}
Event: 802.636 GC heap before
{Heap before GC invocations=73 (full 63):
 garbage-first heap   total 75776K, used 24416K [0x00000000c0000000, 0x0000000100000000)
  region size 1024K, 1 young (1024K), 0 survivors (0K)
 Metaspace       used 38805K, committed 39424K, reserved 1114112K
  class space    used 5119K, committed 5376K, reserved 1048576K
}
Event: 802.674 GC heap after
{Heap after GC invocations=74 (full 64):
 garbage-first heap   total 75776K, used 24416K [0x00000000c0000000, 0x0000000100000000)
  region size 1024K, 0 young (0K), 0 survivors (0K)
 Metaspace       used 38805K, committed 39424K, reserved 1114112K
  class space    used 5119K, committed 5376K, reserved 1048576K
}
Event: 823.044 GC heap before
{Heap before GC invocations=74 (full 64):
 garbage-first heap   total 75776K, used 24416K [0x00000000c0000000, 0x0000000100000000)
  region size 1024K, 1 young (1024K), 0 survivors (0K)
 Metaspace       used 38805K, committed 39424K, reserved 1114112K
  class space    used 5119K, committed 5376K, reserved 1048576K
}
Event: 823.078 GC heap after
{Heap after GC invocations=75 (full 65):
 garbage-first heap   total 75776K, used 24416K [0x00000000c0000000, 0x0000000100000000)
  region size 1024K, 0 young (0K), 0 survivors (0K)
 Metaspace       used 38805K, committed 39424K, reserved 1114112K
  class space    used 5119K, committed 5376K, reserved 1048576K
}
Event: 844.698 GC heap before
{Heap before GC invocations=75 (full 65):
 garbage-first heap   total 75776K, used 24416K [0x00000000c0000000, 0x0000000100000000)
  region size 1024K, 1 young (1024K), 0 survivors (0K)
 Metaspace       used 38805K, committed 39424K, reserved 1114112K
  class space    used 5119K, committed 5376K, reserved 1048576K
}
Event: 844.733 GC heap after
{Heap after GC invocations=76 (full 66):
 garbage-first heap   total 75776K, used 24416K [0x00000000c0000000, 0x0000000100000000)
  region size 1024K, 0 young (0K), 0 survivors (0K)
 Metaspace       used 38805K, committed 39424K, reserved 1114112K
  class space    used 5119K, committed 5376K, reserved 1048576K
}
Event: 857.290 GC heap before
{Heap before GC invocations=76 (full 66):
 garbage-first heap   total 75776K, used 24416K [0x00000000c0000000, 0x0000000100000000)
  region size 1024K, 1 young (1024K), 0 survivors (0K)
 Metaspace       used 38805K, committed 39424K, reserved 1114112K
  class space    used 5119K, committed 5376K, reserved 1048576K
}
Event: 857.331 GC heap after
{Heap after GC invocations=77 (full 67):
 garbage-first heap   total 75776K, used 24416K [0x00000000c0000000, 0x0000000100000000)
  region size 1024K, 0 young (0K), 0 survivors (0K)
 Metaspace       used 38805K, committed 39424K, reserved 1114112K
  class space    used 5119K, committed 5376K, reserved 1048576K
}
Event: 869.468 GC heap before
{Heap before GC invocations=77 (full 67):
 garbage-first heap   total 75776K, used 24416K [0x00000000c0000000, 0x0000000100000000)
  region size 1024K, 1 young (1024K), 0 survivors (0K)
 Metaspace       used 38805K, committed 39424K, reserved 1114112K
  class space    used 5119K, committed 5376K, reserved 1048576K
}
Event: 869.500 GC heap after
{Heap after GC invocations=78 (full 68):
 garbage-first heap   total 75776K, used 24416K [0x00000000c0000000, 0x0000000100000000)
  region size 1024K, 0 young (0K), 0 survivors (0K)
 Metaspace       used 38805K, committed 39424K, reserved 1114112K
  class space    used 5119K, committed 5376K, reserved 1048576K
}
Event: 881.429 GC heap before
{Heap before GC invocations=78 (full 68):
 garbage-first heap   total 75776K, used 24416K [0x00000000c0000000, 0x0000000100000000)
  region size 1024K, 1 young (1024K), 0 survivors (0K)
 Metaspace       used 38805K, committed 39424K, reserved 1114112K
  class space    used 5119K, committed 5376K, reserved 1048576K
}
Event: 881.467 GC heap after
{Heap after GC invocations=79 (full 69):
 garbage-first heap   total 75776K, used 24416K [0x00000000c0000000, 0x0000000100000000)
  region size 1024K, 0 young (0K), 0 survivors (0K)
 Metaspace       used 38805K, committed 39424K, reserved 1114112K
  class space    used 5119K, committed 5376K, reserved 1048576K
}
Event: 894.550 GC heap before
{Heap before GC invocations=79 (full 69):
 garbage-first heap   total 75776K, used 24416K [0x00000000c0000000, 0x0000000100000000)
  region size 1024K, 1 young (1024K), 0 survivors (0K)
 Metaspace       used 38805K, committed 39424K, reserved 1114112K
  class space    used 5119K, committed 5376K, reserved 1048576K
}
Event: 894.575 GC heap after
{Heap after GC invocations=80 (full 70):
 garbage-first heap   total 75776K, used 24416K [0x00000000c0000000, 0x0000000100000000)
  region size 1024K, 0 young (0K), 0 survivors (0K)
 Metaspace       used 38805K, committed 39424K, reserved 1114112K
  class space    used 5119K, committed 5376K, reserved 1048576K
}
Event: 906.588 GC heap before
{Heap before GC invocations=80 (full 70):
 garbage-first heap   total 75776K, used 24416K [0x00000000c0000000, 0x0000000100000000)
  region size 1024K, 1 young (1024K), 0 survivors (0K)
 Metaspace       used 38805K, committed 39424K, reserved 1114112K
  class space    used 5119K, committed 5376K, reserved 1048576K
}
Event: 906.620 GC heap after
{Heap after GC invocations=81 (full 71):
 garbage-first heap   total 75776K, used 24416K [0x00000000c0000000, 0x0000000100000000)
  region size 1024K, 0 young (0K), 0 survivors (0K)
 Metaspace       used 38805K, committed 39424K, reserved 1114112K
  class space    used 5119K, committed 5376K, reserved 1048576K
}
Event: 919.360 GC heap before
{Heap before GC invocations=81 (full 71):
 garbage-first heap   total 75776K, used 24416K [0x00000000c0000000, 0x0000000100000000)
  region size 1024K, 1 young (1024K), 0 survivors (0K)
 Metaspace       used 38805K, committed 39424K, reserved 1114112K
  class space    used 5119K, committed 5376K, reserved 1048576K
}
Event: 919.396 GC heap after
{Heap after GC invocations=82 (full 72):
 garbage-first heap   total 75776K, used 24416K [0x00000000c0000000, 0x0000000100000000)
  region size 1024K, 0 young (0K), 0 survivors (0K)
 Metaspace       used 38805K, committed 39424K, reserved 1114112K
  class space    used 5119K, committed 5376K, reserved 1048576K
}

Dll operation events (8 events):
Event: 2.127 Loaded shared library c:\Users\Druglord\.vscode\extensions\redhat.java-1.29.0-win32-x64\jre\17.0.10-win32-x86_64\bin\java.dll
Event: 6.140 Loaded shared library C:\Users\Druglord\.vscode\extensions\redhat.java-1.29.0-win32-x64\jre\17.0.10-win32-x86_64\bin\net.dll
Event: 6.525 Loaded shared library C:\Users\Druglord\.vscode\extensions\redhat.java-1.29.0-win32-x64\jre\17.0.10-win32-x86_64\bin\nio.dll
Event: 6.629 Loaded shared library C:\Users\Druglord\.vscode\extensions\redhat.java-1.29.0-win32-x64\jre\17.0.10-win32-x86_64\bin\zip.dll
Event: 12.499 Loaded shared library C:\Users\Druglord\.vscode\extensions\redhat.java-1.29.0-win32-x64\jre\17.0.10-win32-x86_64\bin\jimage.dll
Event: 23.146 Loaded shared library c:\Users\Druglord\.vscode\extensions\redhat.java-1.29.0-win32-x64\jre\17.0.10-win32-x86_64\bin\verify.dll
Event: 35.755 Loaded shared library C:\Users\Druglord\.vscode\extensions\redhat.java-1.29.0-win32-x64\jre\17.0.10-win32-x86_64\bin\management.dll
Event: 35.791 Loaded shared library C:\Users\Druglord\.vscode\extensions\redhat.java-1.29.0-win32-x64\jre\17.0.10-win32-x86_64\bin\management_ext.dll

Deoptimization events (4 events):
Event: 38.706 Thread 0x0000023be551f940 DEOPT PACKING pc=0x0000023bd8641f01 sp=0x000000e6028fde00
Event: 38.708 Thread 0x0000023be551f940 DEOPT UNPACKING pc=0x0000023bd81f7143 sp=0x000000e6028fd290 mode 3
Event: 38.731 Thread 0x0000023be4fcac60 DEOPT PACKING pc=0x0000023bd8621017 sp=0x000000e6024ff110
Event: 38.731 Thread 0x0000023be4fcac60 DEOPT UNPACKING pc=0x0000023bd81f7143 sp=0x000000e6024fe568 mode 3

Classes unloaded (20 events):
Event: 104.472 Thread 0x0000023bdfa7c8c0 Unloading class 0x00000001003a9400 'java/lang/invoke/LambdaForm$MH+0x00000001003a9400'
Event: 104.472 Thread 0x0000023bdfa7c8c0 Unloading class 0x00000001003a9000 'java/lang/invoke/LambdaForm$MH+0x00000001003a9000'
Event: 104.472 Thread 0x0000023bdfa7c8c0 Unloading class 0x0000000100096000 'java/lang/invoke/LambdaForm$MH+0x0000000100096000'
Event: 104.472 Thread 0x0000023bdfa7c8c0 Unloading class 0x0000000100095c00 'java/lang/invoke/LambdaForm$MH+0x0000000100095c00'
Event: 104.472 Thread 0x0000023bdfa7c8c0 Unloading class 0x0000000100095800 'java/lang/invoke/LambdaForm$MH+0x0000000100095800'
Event: 104.472 Thread 0x0000023bdfa7c8c0 Unloading class 0x0000000100095400 'java/lang/invoke/LambdaForm$MH+0x0000000100095400'
Event: 104.472 Thread 0x0000023bdfa7c8c0 Unloading class 0x0000000100095000 'java/lang/invoke/LambdaForm$MH+0x0000000100095000'
Event: 104.472 Thread 0x0000023bdfa7c8c0 Unloading class 0x0000000100094c00 'java/lang/invoke/LambdaForm$MH+0x0000000100094c00'
Event: 104.472 Thread 0x0000023bdfa7c8c0 Unloading class 0x0000000100094800 'java/lang/invoke/LambdaForm$MH+0x0000000100094800'
Event: 104.472 Thread 0x0000023bdfa7c8c0 Unloading class 0x0000000100094400 'java/lang/invoke/LambdaForm$MH+0x0000000100094400'
Event: 104.472 Thread 0x0000023bdfa7c8c0 Unloading class 0x000000010008e800 'java/lang/invoke/LambdaForm$MH+0x000000010008e800'
Event: 104.472 Thread 0x0000023bdfa7c8c0 Unloading class 0x000000010008e400 'java/lang/invoke/LambdaForm$MH+0x000000010008e400'
Event: 104.472 Thread 0x0000023bdfa7c8c0 Unloading class 0x000000010008e000 'java/lang/invoke/LambdaForm$MH+0x000000010008e000'
Event: 104.472 Thread 0x0000023bdfa7c8c0 Unloading class 0x000000010008dc00 'java/lang/invoke/LambdaForm$MH+0x000000010008dc00'
Event: 104.472 Thread 0x0000023bdfa7c8c0 Unloading class 0x000000010008d800 'java/lang/invoke/LambdaForm$MH+0x000000010008d800'
Event: 104.472 Thread 0x0000023bdfa7c8c0 Unloading class 0x000000010008d400 'java/lang/invoke/LambdaForm$MH+0x000000010008d400'
Event: 104.472 Thread 0x0000023bdfa7c8c0 Unloading class 0x000000010008cc00 'java/lang/invoke/LambdaForm$MH+0x000000010008cc00'
Event: 104.472 Thread 0x0000023bdfa7c8c0 Unloading class 0x000000010008c800 'java/lang/invoke/LambdaForm$MH+0x000000010008c800'
Event: 104.472 Thread 0x0000023bdfa7c8c0 Unloading class 0x000000010008c000 'java/lang/invoke/LambdaForm$MH+0x000000010008c000'
Event: 104.472 Thread 0x0000023bdfa7c8c0 Unloading class 0x000000010008bc00 'java/lang/invoke/LambdaForm$MH+0x000000010008bc00'

Classes redefined (0 events):
No events

Internal exceptions (20 events):
Event: 30.987 Thread 0x0000023bd552bd50 Exception <a 'java/lang/NoSuchMethodError'{0x00000000c3e25890}: 'java.lang.Object java.lang.invoke.DirectMethodHandle$Holder.invokeSpecial(java.lang.Object, java.lang.Object, int, java.lang.Object, java.lang.Object)'> (0x00000000c3e25890) 
thrown [s\src\hotspot\share\interpreter\linkResolver.cpp, line 759]
Event: 30.987 Thread 0x0000023bd552bd50 Exception <a 'java/lang/NoSuchMethodError'{0x00000000c3e29538}: 'java.lang.Object java.lang.invoke.DelegatingMethodHandle$Holder.delegate(java.lang.Object, int, java.lang.Object, java.lang.Object)'> (0x00000000c3e29538) 
thrown [s\src\hotspot\share\interpreter\linkResolver.cpp, line 759]
Event: 30.995 Thread 0x0000023bd552bd50 Exception <a 'java/lang/NoSuchMethodError'{0x00000000c3e3a3c0}: 'int java.lang.invoke.Invokers$Holder.linkToTargetMethod(java.lang.Object, java.lang.Object, java.lang.Object)'> (0x00000000c3e3a3c0) 
thrown [s\src\hotspot\share\interpreter\linkResolver.cpp, line 759]
Event: 31.312 Thread 0x0000023bd552bd50 Exception <a 'java/lang/NoSuchMethodError'{0x00000000c3ac8240}: 'java.lang.Object java.lang.invoke.DirectMethodHandle$Holder.invokeStaticInit(java.lang.Object, int, int, int, int)'> (0x00000000c3ac8240) 
thrown [s\src\hotspot\share\interpreter\linkResolver.cpp, line 759]
Event: 31.902 Thread 0x0000023bd552bd50 Exception <a 'java/lang/NoSuchMethodError'{0x00000000c3954038}: 'java.lang.Object java.lang.invoke.DirectMethodHandle$Holder.invokeStaticInit(java.lang.Object, java.lang.Object, int, int, int, int)'> (0x00000000c3954038) 
thrown [s\src\hotspot\share\interpreter\linkResolver.cpp, line 759]
Event: 32.649 Thread 0x0000023bd552bd50 Exception <a 'java/lang/NoSuchMethodError'{0x00000000c319dd98}: 'void java.lang.invoke.DirectMethodHandle$Holder.invokeSpecialIFC(java.lang.Object, java.lang.Object, java.lang.Object)'> (0x00000000c319dd98) 
thrown [s\src\hotspot\share\interpreter\linkResolver.cpp, line 759]
Event: 34.332 Thread 0x0000023bd552bd50 Exception <a 'java/lang/NoSuchMethodError'{0x00000000c3b662d0}: 'int java.lang.invoke.DirectMethodHandle$Holder.invokeStaticInit(java.lang.Object, java.lang.Object, int, java.lang.Object)'> (0x00000000c3b662d0) 
thrown [s\src\hotspot\share\interpreter\linkResolver.cpp, line 759]
Event: 34.461 Thread 0x0000023bd552bd50 Exception <a 'java/lang/NoSuchMethodError'{0x00000000c3a77218}: 'void java.lang.invoke.DirectMethodHandle$Holder.invokeSpecial(java.lang.Object, java.lang.Object, java.lang.Object, java.lang.Object, java.lang.Object, java.lang.Object, java.lang.Object)'> (0x00000000c3a77218) 
thrown [s\src\hotspot\share\interpreter\linkResolver.cpp, line 759]
Event: 35.182 Thread 0x0000023bd552bd50 Exception <a 'java/lang/NoSuchMethodError'{0x00000000c350d108}: 'java.lang.Object java.lang.invoke.DirectMethodHandle$Holder.invokeInterface(java.lang.Object, java.lang.Object, int)'> (0x00000000c350d108) 
thrown [s\src\hotspot\share\interpreter\linkResolver.cpp, line 759]
Event: 35.195 Thread 0x0000023bd552bd50 Exception <a 'java/lang/IncompatibleClassChangeError'{0x00000000c3523a50}: Found class java.lang.Object, but interface was expected> (0x00000000c3523a50) 
thrown [s\src\hotspot\share\interpreter\linkResolver.cpp, line 826]
Event: 35.726 Thread 0x0000023bd552bd50 Exception <a 'java/lang/NoSuchMethodError'{0x00000000c4c684a0}: 'java.lang.Object java.lang.invoke.DirectMethodHandle$Holder.newInvokeSpecial(java.lang.Object, java.lang.Object, int, java.lang.Object, java.lang.Object)'> (0x00000000c4c684a0) 
thrown [s\src\hotspot\share\interpreter\linkResolver.cpp, line 759]
Event: 35.729 Thread 0x0000023bd552bd50 Exception <a 'java/lang/NoSuchMethodError'{0x00000000c4ca6d38}: 'java.lang.Object java.lang.invoke.DirectMethodHandle$Holder.invokeSpecial(java.lang.Object, java.lang.Object, int, java.lang.Object, int, java.lang.Object)'> (0x00000000c4ca6d38) 
thrown [s\src\hotspot\share\interpreter\linkResolver.cpp, line 759]
Event: 35.730 Thread 0x0000023bd552bd50 Exception <a 'java/lang/NoSuchMethodError'{0x00000000c4caeb40}: 'java.lang.Object java.lang.invoke.DirectMethodHandle$Holder.newInvokeSpecial(java.lang.Object, java.lang.Object, int, java.lang.Object, int)'> (0x00000000c4caeb40) 
thrown [s\src\hotspot\share\interpreter\linkResolver.cpp, line 759]
Event: 35.730 Thread 0x0000023bd552bd50 Exception <a 'java/lang/NoSuchMethodError'{0x00000000c4cb2c40}: 'java.lang.Object java.lang.invoke.DirectMethodHandle$Holder.invokeSpecial(java.lang.Object, java.lang.Object, java.lang.Object, int, java.lang.Object, int)'> (0x00000000c4cb2c40) 
thrown [s\src\hotspot\share\interpreter\linkResolver.cpp, line 759]
Event: 37.689 Thread 0x0000023be4fca780 Exception <a 'java/lang/NoSuchMethodError'{0x00000000c3b50e70}: 'java.lang.Object java.lang.invoke.DirectMethodHandle$Holder.invokeStatic(java.lang.Object, int, java.lang.Object)'> (0x00000000c3b50e70) 
thrown [s\src\hotspot\share\interpreter\linkResolver.cpp, line 759]
Event: 37.959 Thread 0x0000023be551f940 Exception <a 'java/lang/NoSuchMethodError'{0x00000000c3bb2b48}: 'java.lang.Object java.lang.invoke.DirectMethodHandle$Holder.invokeStatic(java.lang.Object, java.lang.Object, java.lang.Object, int, java.lang.Object, java.lang.Object)'> (0x00000000c3bb2b48) 
thrown [s\src\hotspot\share\interpreter\linkResolver.cpp, line 759]
Event: 38.998 Thread 0x0000023be4fad020 Exception <a 'java/lang/NoSuchMethodError'{0x00000000c2f30b08}: 'int java.lang.invoke.DirectMethodHandle$Holder.invokeStatic(java.lang.Object)'> (0x00000000c2f30b08) 
thrown [s\src\hotspot\share\interpreter\linkResolver.cpp, line 759]
Event: 38.998 Thread 0x0000023be4fad020 Exception <a 'java/lang/NoSuchMethodError'{0x00000000c2f33f08}: 'int java.lang.invoke.DirectMethodHandle$Holder.invokeStaticInit(java.lang.Object)'> (0x00000000c2f33f08) 
thrown [s\src\hotspot\share\interpreter\linkResolver.cpp, line 759]
Event: 76.129 Thread 0x0000023be50a7fc0 Exception <a 'java/lang/NoSuchMethodError'{0x00000000c4c7a560}: 'void java.lang.invoke.DirectMethodHandle$Holder.invokeStatic(java.lang.Object, long)'> (0x00000000c4c7a560) 
thrown [s\src\hotspot\share\interpreter\linkResolver.cpp, line 759]
Event: 76.129 Thread 0x0000023be50a7fc0 Exception <a 'java/lang/NoSuchMethodError'{0x00000000c4c7f908}: 'java.lang.Object java.lang.invoke.DirectMethodHandle$Holder.newInvokeSpecial(java.lang.Object, long)'> (0x00000000c4c7f908) 
thrown [s\src\hotspot\share\interpreter\linkResolver.cpp, line 759]

VM Operations (20 events):
Event: 788.499 Executing VM operation: G1CollectFull done
Event: 802.635 Executing VM operation: G1CollectFull
Event: 802.674 Executing VM operation: G1CollectFull done
Event: 823.044 Executing VM operation: G1CollectFull
Event: 823.078 Executing VM operation: G1CollectFull done
Event: 844.698 Executing VM operation: G1CollectFull
Event: 844.733 Executing VM operation: G1CollectFull done
Event: 857.290 Executing VM operation: G1CollectFull
Event: 857.331 Executing VM operation: G1CollectFull done
Event: 869.468 Executing VM operation: G1CollectFull
Event: 869.500 Executing VM operation: G1CollectFull done
Event: 881.429 Executing VM operation: G1CollectFull
Event: 881.467 Executing VM operation: G1CollectFull done
Event: 894.550 Executing VM operation: G1CollectFull
Event: 894.575 Executing VM operation: G1CollectFull done
Event: 906.588 Executing VM operation: G1CollectFull
Event: 906.620 Executing VM operation: G1CollectFull done
Event: 919.360 Executing VM operation: G1CollectFull
Event: 919.396 Executing VM operation: G1CollectFull done
Event: 932.841 Executing VM operation: G1CollectFull

Events (20 events):
Event: 39.126 loading class java/util/concurrent/atomic/AtomicLongFieldUpdater$CASUpdater
Event: 39.126 loading class java/util/concurrent/atomic/AtomicLongFieldUpdater$CASUpdater done
Event: 39.126 loading class java/util/concurrent/atomic/AtomicLongFieldUpdater$CASUpdater$1
Event: 39.126 loading class java/util/concurrent/atomic/AtomicLongFieldUpdater$CASUpdater$1 done
Event: 40.060 Thread 0x0000023be4fae970 Thread added: 0x0000023be4fae970
Event: 75.727 loading class java/lang/ProcessBuilder
Event: 75.728 loading class java/lang/ProcessBuilder done
Event: 75.728 loading class java/lang/ProcessImpl
Event: 75.729 loading class java/lang/ProcessImpl done
Event: 76.130 loading class java/lang/ProcessImpl$2
Event: 76.130 loading class java/lang/ProcessImpl$2 done
Event: 76.130 loading class java/lang/Process$PipeInputStream
Event: 76.130 loading class java/lang/Process$PipeInputStream done
Event: 76.142 loading class jdk/internal/event/ProcessStartEvent
Event: 76.142 loading class jdk/internal/event/ProcessStartEvent done
Event: 80.118 loading class java/io/FileOutputStream$1
Event: 80.118 loading class java/io/FileOutputStream$1 done
Event: 98.979 Thread 0x0000023be4fb07d0 Thread exited: 0x0000023be4fb07d0
Event: 100.069 Thread 0x0000023be4fadf50 Thread exited: 0x0000023be4fadf50
Event: 102.794 Thread 0x0000023be4fae970 Thread exited: 0x0000023be4fae970


Dynamic libraries:
0x00007ff627270000 - 0x00007ff62727e000 	c:\Users\Druglord\.vscode\extensions\redhat.java-1.29.0-win32-x64\jre\17.0.10-win32-x86_64\bin\java.exe
0x00007fff19a90000 - 0x00007fff19c88000 	C:\Windows\SYSTEM32\ntdll.dll
0x00007fff18c00000 - 0x00007fff18cbd000 	C:\Windows\System32\KERNEL32.DLL
0x00007fff17350000 - 0x00007fff17646000 	C:\Windows\System32\KERNELBASE.dll
0x00007fff17650000 - 0x00007fff17750000 	C:\Windows\System32\ucrtbase.dll
0x00007ffeebda0000 - 0x00007ffeebdb7000 	c:\Users\Druglord\.vscode\extensions\redhat.java-1.29.0-win32-x64\jre\17.0.10-win32-x86_64\bin\jli.dll
0x00007ffeeaa00000 - 0x00007ffeeaa1b000 	c:\Users\Druglord\.vscode\extensions\redhat.java-1.29.0-win32-x64\jre\17.0.10-win32-x86_64\bin\VCRUNTIME140.dll
0x00007fff18950000 - 0x00007fff18aee000 	C:\Windows\System32\USER32.dll
0x00007fff17ac0000 - 0x00007fff17ae2000 	C:\Windows\System32\win32u.dll
0x00007fff199c0000 - 0x00007fff199ec000 	C:\Windows\System32\GDI32.dll
0x00007fff17200000 - 0x00007fff1731a000 	C:\Windows\System32\gdi32full.dll
0x00007fff17750000 - 0x00007fff177ed000 	C:\Windows\System32\msvcp_win.dll
0x00007ffefd5e0000 - 0x00007ffefd87a000 	C:\Windows\WinSxS\amd64_microsoft.windows.common-controls_6595b64144ccf1df_6.0.19041.1110_none_60b5254171f9507e\COMCTL32.dll
0x00007fff17af0000 - 0x00007fff17b8e000 	C:\Windows\System32\msvcrt.dll
0x00007fff19a20000 - 0x00007fff19a50000 	C:\Windows\System32\IMM32.DLL
0x0000000069f90000 - 0x0000000069f9c000 	C:\Program Files (x86)\360\Total Security\safemon\SafeWrapper.dll
0x00007fff18b50000 - 0x00007fff18bfe000 	C:\Windows\System32\ADVAPI32.dll
0x00007fff17b90000 - 0x00007fff17c2c000 	C:\Windows\System32\sechost.dll
0x00007fff18820000 - 0x00007fff18946000 	C:\Windows\System32\RPCRT4.dll
0x00007ffed94b0000 - 0x00007ffed9542000 	C:\Program Files (x86)\360\Total Security\safemon\libzdtp64.dll
0x00007fff190f0000 - 0x00007fff19835000 	C:\Windows\System32\SHELL32.dll
0x00007fff18af0000 - 0x00007fff18b45000 	C:\Windows\System32\SHLWAPI.dll
0x00007fff16ce0000 - 0x00007fff16cea000 	C:\Windows\SYSTEM32\VERSION.dll
0x00007fff0ddd0000 - 0x00007fff0dddc000 	c:\Users\Druglord\.vscode\extensions\redhat.java-1.29.0-win32-x64\jre\17.0.10-win32-x86_64\bin\vcruntime140_1.dll
0x00007ffedf0d0000 - 0x00007ffedf15d000 	c:\Users\Druglord\.vscode\extensions\redhat.java-1.29.0-win32-x64\jre\17.0.10-win32-x86_64\bin\msvcp140.dll
0x00007ffe8a200000 - 0x00007ffe8ae62000 	c:\Users\Druglord\.vscode\extensions\redhat.java-1.29.0-win32-x64\jre\17.0.10-win32-x86_64\bin\server\jvm.dll
0x00007fff16660000 - 0x00007fff166ab000 	C:\Windows\SYSTEM32\POWRPROF.dll
0x00007ffefd500000 - 0x00007ffefd527000 	C:\Windows\SYSTEM32\WINMM.dll
0x00007ffec2130000 - 0x00007ffec2139000 	C:\Windows\SYSTEM32\WSOCK32.dll
0x00007fff198c0000 - 0x00007fff1992b000 	C:\Windows\System32\WS2_32.dll
0x00007fff16520000 - 0x00007fff16532000 	C:\Windows\SYSTEM32\UMPDC.dll
0x00007fff14f90000 - 0x00007fff14fa2000 	C:\Windows\SYSTEM32\kernel.appcore.dll
0x00007fff0da40000 - 0x00007fff0da4a000 	c:\Users\Druglord\.vscode\extensions\redhat.java-1.29.0-win32-x64\jre\17.0.10-win32-x86_64\bin\jimage.dll
0x00007fff0a680000 - 0x00007fff0a864000 	C:\Windows\SYSTEM32\DBGHELP.DLL
0x00007fff0a230000 - 0x00007fff0a264000 	C:\Windows\SYSTEM32\dbgcore.DLL
0x00007fff17170000 - 0x00007fff171f2000 	C:\Windows\System32\bcryptPrimitives.dll
0x00007ffedf0a0000 - 0x00007ffedf0c5000 	c:\Users\Druglord\.vscode\extensions\redhat.java-1.29.0-win32-x64\jre\17.0.10-win32-x86_64\bin\java.dll
0x00007ffee5670000 - 0x00007ffee5688000 	c:\Users\Druglord\.vscode\extensions\redhat.java-1.29.0-win32-x64\jre\17.0.10-win32-x86_64\bin\zip.dll
0x00007fff15190000 - 0x00007fff1592b000 	C:\Windows\SYSTEM32\windows.storage.dll
0x00007fff18d20000 - 0x00007fff19074000 	C:\Windows\System32\combase.dll
0x00007fff16b40000 - 0x00007fff16b6e000 	C:\Windows\SYSTEM32\Wldp.dll
0x00007fff181f0000 - 0x00007fff1829d000 	C:\Windows\System32\SHCORE.dll
0x00007fff170a0000 - 0x00007fff170c5000 	C:\Windows\SYSTEM32\profapi.dll
0x00007ffee46b0000 - 0x00007ffee46c9000 	C:\Users\Druglord\.vscode\extensions\redhat.java-1.29.0-win32-x64\jre\17.0.10-win32-x86_64\bin\net.dll
0x00007fff0cc20000 - 0x00007fff0cd2a000 	C:\Windows\SYSTEM32\WINHTTP.dll
0x00007fff168a0000 - 0x00007fff1690a000 	C:\Windows\system32\mswsock.dll
0x00007ffee2da0000 - 0x00007ffee2db6000 	C:\Users\Druglord\.vscode\extensions\redhat.java-1.29.0-win32-x64\jre\17.0.10-win32-x86_64\bin\nio.dll
0x00007fff040c0000 - 0x00007fff040d0000 	c:\Users\Druglord\.vscode\extensions\redhat.java-1.29.0-win32-x64\jre\17.0.10-win32-x86_64\bin\verify.dll
0x00007fff16aa0000 - 0x00007fff16ab8000 	C:\Windows\SYSTEM32\CRYPTSP.dll
0x00007fff16140000 - 0x00007fff16174000 	C:\Windows\system32\rsaenh.dll
0x00007fff17320000 - 0x00007fff17347000 	C:\Windows\System32\bcrypt.dll
0x00007fff17020000 - 0x00007fff1704e000 	C:\Windows\SYSTEM32\USERENV.dll
0x00007fff16a90000 - 0x00007fff16a9c000 	C:\Windows\SYSTEM32\CRYPTBASE.dll
0x00007fff16540000 - 0x00007fff1657b000 	C:\Windows\SYSTEM32\IPHLPAPI.DLL
0x00007fff19a10000 - 0x00007fff19a18000 	C:\Windows\System32\NSI.dll
0x00007fff0e2c0000 - 0x00007fff0e2d7000 	C:\Windows\SYSTEM32\dhcpcsvc6.DLL
0x00007fff0e0e0000 - 0x00007fff0e0fd000 	C:\Windows\SYSTEM32\dhcpcsvc.DLL
0x00007fff16590000 - 0x00007fff1665a000 	C:\Windows\SYSTEM32\DNSAPI.dll
0x00007fff0e680000 - 0x00007fff0e689000 	C:\Users\Druglord\.vscode\extensions\redhat.java-1.29.0-win32-x64\jre\17.0.10-win32-x86_64\bin\management.dll
0x00007ffeff5e0000 - 0x00007ffeff5eb000 	C:\Users\Druglord\.vscode\extensions\redhat.java-1.29.0-win32-x64\jre\17.0.10-win32-x86_64\bin\management_ext.dll
0x00007fff190e0000 - 0x00007fff190e8000 	C:\Windows\System32\PSAPI.DLL

dbghelp: loaded successfully - version: 4.0.5 - missing functions: none
symbol engine: initialized successfully - sym options: 0x614 - pdb path: .;c:\Users\Druglord\.vscode\extensions\redhat.java-1.29.0-win32-x64\jre\17.0.10-win32-x86_64\bin;C:\Windows\SYSTEM32;C:\Windows\WinSxS\amd64_microsoft.windows.common-controls_6595b64144ccf1df_6.0.19041.1110_none_60b5254171f9507e;C:\Program Files (x86)\360\Total Security\safemon;c:\Users\Druglord\.vscode\extensions\redhat.java-1.29.0-win32-x64\jre\17.0.10-win32-x86_64\bin\server

VM Arguments:
jvm_args: -XX:+HeapDumpOnOutOfMemoryError -Xmx1024m -Dsts.lsp.client=vscode -Dsts.log.file=/dev/null -XX:TieredStopAtLevel=1 -Xlog:jni+resolve=off -Dspring.config.location=file:c:\Users\Druglord\.vscode\extensions\vmware.vscode-spring-boot-1.53.0\language-server\BOOT-INF\classes\application.properties 
java_command: org.springframework.ide.vscode.boot.app.BootLanguageServerBootApp
java_class_path (initial): c:\Users\Druglord\.vscode\extensions\vmware.vscode-spring-boot-1.53.0\language-server\BOOT-INF\classes;c:\Users\Druglord\.vscode\extensions\vmware.vscode-spring-boot-1.53.0\language-server\BOOT-INF\lib\annotations-24.1.0.jar;c:\Users\Druglord\.vscode\extensions\vmware.vscode-spring-boot-1.53.0\language-server\BOOT-INF\lib\antlr4-runtime-4.11.1.jar;c:\Users\Druglord\.vscode\extensions\vmware.vscode-spring-boot-1.53.0\language-server\BOOT-INF\lib\asm-9.6.jar;c:\Users\Druglord\.vscode\extensions\vmware.vscode-spring-boot-1.53.0\language-server\BOOT-INF\lib\asm-analysis-9.6.jar;c:\Users\Druglord\.vscode\extensions\vmware.vscode-spring-boot-1.53.0\language-server\BOOT-INF\lib\asm-tree-9.6.jar;c:\Users\Druglord\.vscode\extensions\vmware.vscode-spring-boot-1.53.0\language-server\BOOT-INF\lib\asm-util-9.6.jar;c:\Users\Druglord\.vscode\extensions\vmware.vscode-spring-boot-1.53.0\language-server\BOOT-INF\lib\caffeine-3.1.8.jar;c:\Users\Druglord\.vscode\extensions\vmware.vscode-spring-boot-1.53.0\language-server\BOOT-INF\lib\checker-qual-3.12.0.jar;c:\Users\Druglord\.vscode\extensions\vmware.vscode-spring-boot-1.53.0\language-server\BOOT-INF\lib\classgraph-4.8.149.jar;c:\Users\Druglord\.vscode\extensions\vmware.vscode-spring-boot-1.53.0\language-server\BOOT-INF\lib\commons-codec-1.16.1.jar;c:\Users\Druglord\.vscode\extensions\vmware.vscode-spring-boot-1.53.0\language-server\BOOT-INF\lib\commons-compress-1.26.0.jar;c:\Users\Druglord\.vscode\extensions\vmware.vscode-spring-boot-1.53.0\language-server\BOOT-INF\lib\commons-io-2.4.jar;c:\Users\Druglord\.vscode\extensions\vmware.vscode-spring-boot-1.53.0\language-server\BOOT-INF\lib\commons-java-1.53.0-SNAPSHOT.jar;c:\Users\Druglord\.vscode\extensions\vmware.vscode-spring-boot-1.53.0\language-server\BOOT-INF\lib\commons-lang3-3.13.0.jar;c:\Users\Druglord\.vscode\extensions\vmware.vscode-spring-boot-1.53.0\language-server\BOOT-INF\lib\commons-language-server-1.53.0-SNAPSHOT.jar;c:\Users\Druglord\.vscode\e
Launcher Type: SUN_STANDARD

[Global flags]
     intx CICompilerCount                          = 3                                         {product} {ergonomic}
     uint ConcGCThreads                            = 1                                         {product} {ergonomic}
     uint G1ConcRefinementThreads                  = 4                                         {product} {ergonomic}
   size_t G1HeapRegionSize                         = 1048576                                   {product} {ergonomic}
    uintx GCDrainStackTargetSize                   = 64                                        {product} {ergonomic}
     bool HeapDumpOnOutOfMemoryError               = true                                   {manageable} {command line}
   size_t InitialHeapSize                          = 125829120                                 {product} {ergonomic}
   size_t MarkStackSize                            = 4194304                                   {product} {ergonomic}
   size_t MaxHeapSize                              = 1073741824                                {product} {command line}
   size_t MaxNewSize                               = 643825664                                 {product} {ergonomic}
   size_t MinHeapDeltaBytes                        = 1048576                                   {product} {ergonomic}
   size_t MinHeapSize                              = 8388608                                   {product} {ergonomic}
    uintx NonProfiledCodeHeapSize                  = 0                                      {pd product} {ergonomic}
     bool ProfileInterpreter                       = false                                  {pd product} {command line}
    uintx ProfiledCodeHeapSize                     = 0                                      {pd product} {ergonomic}
   size_t SoftMaxHeapSize                          = 1073741824                             {manageable} {ergonomic}
     intx TieredStopAtLevel                        = 1                                         {product} {command line}
     bool UseCompressedClassPointers               = true                           {product lp64_product} {ergonomic}
     bool UseCompressedOops                        = true                           {product lp64_product} {ergonomic}
     bool UseG1GC                                  = true                                      {product} {ergonomic}
     bool UseLargePagesIndividualAllocation        = false                                  {pd product} {ergonomic}

Logging:
Log output configuration:
 #0: stdout all=warning,jni+resolve=off uptime,level,tags
 #1: stderr all=off uptime,level,tags

Environment Variables:
JAVA_HOME=C:\Program Files\Java\jdk-17
PATH=C:\Program Files\Microsoft\jdk-11.0.12.7-hotspot\bin;C:\Program Files\Common Files\Oracle\Java\javapath;C:\Program Files (x86)\Common Files\Oracle\Java\javapath;C:\Program Files (x86)\Common Files\Intel\Shared Files\cpp\bin\Intel64;C:\Windows\system32;C:\Windows;C:\Windows\System32\Wbem;C:\Windows\System32\WindowsPowerShell\v1.0\;C:\Windows\System32\OpenSSH\;C:\Program Files (x86)\Microsoft SQL Server\150\Tools\Binn\;C:\Program Files\Microsoft SQL Server\150\Tools\Binn\;C:\Program Files (x86)\Microsoft SQL Server\150\DTS\Binn\;C:\Program Files\Microsoft SQL Server\150\DTS\Binn\;C:\Program Files\Microsoft SQL Server\Client SDK\ODBC\170\Tools\Binn\;C:\Program Files\Azure Data Studio\bin;C:\Program Files\Microsoft\Web Platform Installer\;C:\Program Files (x86)\Microsoft ASP.NET\ASP.NET Web Pages\v1.0\;C:\Program Files\Microsoft SQL Server\110\Tools\Binn\;C:\Program Files\dotnet\;C:\Program Files\PuTTY\;C:\xampp\php;C:\composer;C:\Program Files\Git\cmd;C:\Program Files\nodejs\;C:\Program Files\MySQL\MySQL Shell 8.0\bin\;C:\Users\Druglord\AppData\Local\Microsoft\WindowsApps;C:\Users\Druglord\AppData\Local\Programs\Microsoft VS Code\bin;C:\Users\Druglord\.dotnet\tools;C:\Users\Druglord\AppData\Local\Coursier\data\bin;C:\Users\Druglord\AppData\Roaming\Composer\vendor\bin;C:\flutter\bin;C:\Program Files\heroku\bin;C:\Users\Druglord\AppData\Roaming\npm
USERNAME=Druglord
OS=Windows_NT
PROCESSOR_IDENTIFIER=Intel64 Family 6 Model 78 Stepping 3, GenuineIntel
TMP=C:\Users\Druglord\AppData\Local\Temp
TEMP=C:\Users\Druglord\AppData\Local\Temp



Periodic native trim disabled


---------------  S Y S T E M  ---------------

OS:
 Windows 10 , 64 bit Build 19041 (10.0.19041.3393)
OS uptime: 2 days 16:37 hours

CPU: total 4 (initial active 4) (2 cores per cpu, 2 threads per core) family 6 model 78 stepping 3 microcode 0xcc, cx8, cmov, fxsr, ht, mmx, 3dnowpref, sse, sse2, sse3, ssse3, sse4.1, sse4.2, popcnt, lzcnt, tsc, tscinvbit, avx, avx2, aes, erms, clmul, bmi1, bmi2, rtm, adx, fma, vzeroupper, clflush, clflushopt
Processor Information for all 4 processors :
  Max Mhz: 2496, Current Mhz: 798, Mhz Limit: 798

Memory: 4k page, system-wide physical 7591M (219M free)
TotalPageFile size 31143M (AvailPageFile size 6M)
current process WorkingSet (physical memory assigned to process): 54M, peak: 165M
current process commit charge ("private bytes"): 200M, peak: 215M

vm_info: OpenJDK 64-Bit Server VM (17.0.10+7) for windows-amd64 JRE (17.0.10+7), built on Jan 16 2024 23:25:11 by "admin" with MS VC++ 16.10 / 16.11 (VS2019)

END.
